<?xml version="1.0" encoding="UTF-8"?>
<robot generator="Robot 4.1.2 (Python 3.8.8 on win32)" generated="20211213 19:33:19.075" rpa="false" schemaversion="2">
<suite id="s1" name="Tests" source="E:\Users\Ivan\Documents\School_Doc\College\STSWENG\robot\saucedemorobot\tests">
<suite id="s1-s1" name="Azsort" source="E:\Users\Ivan\Documents\School_Doc\College\STSWENG\robot\saucedemorobot\tests\azsort.robot">
<test id="s1-s1-t1" name="AZSort">
<kw name="Open Browser To Login Page" library="resources">
<kw name="Open Browser" library="SeleniumLibrary">
<arg>${LOGIN URL}</arg>
<arg>${BROWSER}</arg>
<doc>Opens a new browser instance to the optional ``url``.</doc>
<msg timestamp="20211213 19:33:19.377" level="INFO">Opening browser 'chrome' to base url 'https://www.saucedemo.com/'.</msg>
<status status="PASS" starttime="20211213 19:33:19.377" endtime="20211213 19:33:21.037"/>
</kw>
<kw name="Maximize Browser Window" library="SeleniumLibrary">
<doc>Maximizes current browser window.</doc>
<status status="PASS" starttime="20211213 19:33:21.037" endtime="20211213 19:33:21.158"/>
</kw>
<kw name="Page Should Contain Element" library="SeleniumLibrary">
<arg>login-button</arg>
<doc>Verifies that element ``locator`` is found on the current page.</doc>
<msg timestamp="20211213 19:33:21.173" level="INFO">Current page contains element 'login-button'.</msg>
<status status="PASS" starttime="20211213 19:33:21.158" endtime="20211213 19:33:21.173"/>
</kw>
<status status="PASS" starttime="20211213 19:33:19.376" endtime="20211213 19:33:21.173"/>
</kw>
<kw name="Input Text" library="SeleniumLibrary">
<arg>user-name</arg>
<arg>${VALID USER}</arg>
<doc>Types the given ``text`` into the text field identified by ``locator``.</doc>
<msg timestamp="20211213 19:33:21.174" level="INFO">Typing text 'standard_user' into text field 'user-name'.</msg>
<status status="PASS" starttime="20211213 19:33:21.173" endtime="20211213 19:33:21.275"/>
</kw>
<kw name="Input Password" library="SeleniumLibrary">
<arg>password</arg>
<arg>${VALID PASSWORD}</arg>
<doc>Types the given password into the text field identified by ``locator``.</doc>
<msg timestamp="20211213 19:33:21.277" level="INFO">Typing password into text field 'password'.</msg>
<msg timestamp="20211213 19:33:21.314" level="INFO">Temporally setting log level to: NONE</msg>
<msg timestamp="20211213 19:33:21.367" level="INFO">Log level changed from NONE to INFO.</msg>
<status status="PASS" starttime="20211213 19:33:21.276" endtime="20211213 19:33:21.367"/>
</kw>
<kw name="Click Button" library="SeleniumLibrary">
<arg>login-button</arg>
<doc>Clicks the button identified by ``locator``.</doc>
<msg timestamp="20211213 19:33:21.367" level="INFO">Clicking button 'login-button'.</msg>
<status status="PASS" starttime="20211213 19:33:21.367" endtime="20211213 19:33:21.502"/>
</kw>
<kw name="Select From List By Index" library="SeleniumLibrary">
<arg>css=*[data-test="product_sort_container"]</arg>
<arg>3</arg>
<doc>Selects options from selection list ``locator`` by ``indexes``.</doc>
<msg timestamp="20211213 19:33:21.504" level="INFO">Selecting options from selection list 'css=*[data-test="product_sort_container"]' by index 3.</msg>
<status status="PASS" starttime="20211213 19:33:21.503" endtime="20211213 19:33:21.827"/>
</kw>
<kw name="List Selection Should Be" library="SeleniumLibrary">
<arg>css=*[data-test="product_sort_container"]</arg>
<arg>hilo</arg>
<doc>Verifies selection list ``locator`` has ``expected`` options selected.</doc>
<msg timestamp="20211213 19:33:21.828" level="INFO">Verifying list 'css=*[data-test="product_sort_container"]' has option [ hilo ] selected.</msg>
<msg timestamp="20211213 19:33:21.844" level="INFO">Current page contains list 'css=*[data-test="product_sort_container"]'.</msg>
<status status="PASS" starttime="20211213 19:33:21.828" endtime="20211213 19:33:21.937"/>
</kw>
<kw name="Close Browser" library="SeleniumLibrary" type="TEARDOWN">
<doc>Closes the current browser.</doc>
<status status="PASS" starttime="20211213 19:33:21.938" endtime="20211213 19:33:24.146"/>
</kw>
<status status="PASS" starttime="20211213 19:33:19.375" endtime="20211213 19:33:24.146"/>
</test>
<doc>A test suite with a single test for sorting a to z

This test follows the example using keywords
from the selenium library</doc>
<status status="PASS" starttime="20211213 19:33:19.110" endtime="20211213 19:33:24.148"/>
</suite>
<suite id="s1-s2" name="Hilosort" source="E:\Users\Ivan\Documents\School_Doc\College\STSWENG\robot\saucedemorobot\tests\hilosort.robot">
<test id="s1-s2-t1" name="LohiSort">
<kw name="Open Browser To Login Page" library="resources">
<kw name="Open Browser" library="SeleniumLibrary">
<arg>${LOGIN URL}</arg>
<arg>${BROWSER}</arg>
<doc>Opens a new browser instance to the optional ``url``.</doc>
<msg timestamp="20211213 19:33:24.156" level="INFO">Opening browser 'chrome' to base url 'https://www.saucedemo.com/'.</msg>
<status status="PASS" starttime="20211213 19:33:24.156" endtime="20211213 19:33:25.913"/>
</kw>
<kw name="Maximize Browser Window" library="SeleniumLibrary">
<doc>Maximizes current browser window.</doc>
<status status="PASS" starttime="20211213 19:33:25.913" endtime="20211213 19:33:26.041"/>
</kw>
<kw name="Page Should Contain Element" library="SeleniumLibrary">
<arg>login-button</arg>
<doc>Verifies that element ``locator`` is found on the current page.</doc>
<msg timestamp="20211213 19:33:26.054" level="INFO">Current page contains element 'login-button'.</msg>
<status status="PASS" starttime="20211213 19:33:26.041" endtime="20211213 19:33:26.054"/>
</kw>
<status status="PASS" starttime="20211213 19:33:24.156" endtime="20211213 19:33:26.054"/>
</kw>
<kw name="Input Text" library="SeleniumLibrary">
<arg>user-name</arg>
<arg>${VALID USER}</arg>
<doc>Types the given ``text`` into the text field identified by ``locator``.</doc>
<msg timestamp="20211213 19:33:26.055" level="INFO">Typing text 'standard_user' into text field 'user-name'.</msg>
<status status="PASS" starttime="20211213 19:33:26.055" endtime="20211213 19:33:26.157"/>
</kw>
<kw name="Input Password" library="SeleniumLibrary">
<arg>password</arg>
<arg>${VALID PASSWORD}</arg>
<doc>Types the given password into the text field identified by ``locator``.</doc>
<msg timestamp="20211213 19:33:26.159" level="INFO">Typing password into text field 'password'.</msg>
<msg timestamp="20211213 19:33:26.196" level="INFO">Temporally setting log level to: NONE</msg>
<msg timestamp="20211213 19:33:26.240" level="INFO">Log level changed from NONE to INFO.</msg>
<status status="PASS" starttime="20211213 19:33:26.158" endtime="20211213 19:33:26.240"/>
</kw>
<kw name="Click Button" library="SeleniumLibrary">
<arg>login-button</arg>
<doc>Clicks the button identified by ``locator``.</doc>
<msg timestamp="20211213 19:33:26.242" level="INFO">Clicking button 'login-button'.</msg>
<status status="PASS" starttime="20211213 19:33:26.242" endtime="20211213 19:33:26.341"/>
</kw>
<kw name="Select From List By Value" library="SeleniumLibrary">
<arg>css=*[data-test="product_sort_container"]</arg>
<arg>hilo</arg>
<doc>Selects options from selection list ``locator`` by ``values``.</doc>
<msg timestamp="20211213 19:33:26.342" level="INFO">Selecting options from selection list 'css=*[data-test="product_sort_container"]' by value hilo.</msg>
<status status="PASS" starttime="20211213 19:33:26.342" endtime="20211213 19:33:26.503"/>
</kw>
<kw name="List Selection Should Be" library="SeleniumLibrary">
<arg>css=*[data-test="product_sort_container"]</arg>
<arg>hilo</arg>
<doc>Verifies selection list ``locator`` has ``expected`` options selected.</doc>
<msg timestamp="20211213 19:33:26.504" level="INFO">Verifying list 'css=*[data-test="product_sort_container"]' has option [ hilo ] selected.</msg>
<msg timestamp="20211213 19:33:26.515" level="INFO">Current page contains list 'css=*[data-test="product_sort_container"]'.</msg>
<status status="PASS" starttime="20211213 19:33:26.504" endtime="20211213 19:33:26.678"/>
</kw>
<kw name="Close Browser" library="SeleniumLibrary" type="TEARDOWN">
<doc>Closes the current browser.</doc>
<status status="PASS" starttime="20211213 19:33:26.679" endtime="20211213 19:33:28.896"/>
</kw>
<status status="PASS" starttime="20211213 19:33:24.155" endtime="20211213 19:33:28.896"/>
</test>
<doc>A test suite with a single test for sorting low to hi

This test follows the example using keywords
from the selenium library</doc>
<status status="PASS" starttime="20211213 19:33:24.150" endtime="20211213 19:33:28.898"/>
</suite>
<suite id="s1-s3" name="Locked Out" source="E:\Users\Ivan\Documents\School_Doc\College\STSWENG\robot\saucedemorobot\tests\locked_out.robot">
<test id="s1-s3-t1" name="Locked out">
<kw name="Open Browser To Login Page" library="resources">
<kw name="Open Browser" library="SeleniumLibrary">
<arg>${LOGIN URL}</arg>
<arg>${BROWSER}</arg>
<doc>Opens a new browser instance to the optional ``url``.</doc>
<msg timestamp="20211213 19:33:28.911" level="INFO">Opening browser 'chrome' to base url 'https://www.saucedemo.com/'.</msg>
<status status="PASS" starttime="20211213 19:33:28.910" endtime="20211213 19:33:30.549"/>
</kw>
<kw name="Maximize Browser Window" library="SeleniumLibrary">
<doc>Maximizes current browser window.</doc>
<status status="PASS" starttime="20211213 19:33:30.549" endtime="20211213 19:33:30.672"/>
</kw>
<kw name="Page Should Contain Element" library="SeleniumLibrary">
<arg>login-button</arg>
<doc>Verifies that element ``locator`` is found on the current page.</doc>
<msg timestamp="20211213 19:33:30.686" level="INFO">Current page contains element 'login-button'.</msg>
<status status="PASS" starttime="20211213 19:33:30.672" endtime="20211213 19:33:30.686"/>
</kw>
<status status="PASS" starttime="20211213 19:33:28.910" endtime="20211213 19:33:30.686"/>
</kw>
<kw name="Input Text" library="SeleniumLibrary">
<arg>user-name</arg>
<arg>${LOCKED OUT USER}</arg>
<doc>Types the given ``text`` into the text field identified by ``locator``.</doc>
<msg timestamp="20211213 19:33:30.687" level="INFO">Typing text 'locked_out_user' into text field 'user-name'.</msg>
<status status="PASS" starttime="20211213 19:33:30.687" endtime="20211213 19:33:30.813"/>
</kw>
<kw name="Input Password" library="SeleniumLibrary">
<arg>password</arg>
<arg>${VALID PASSWORD}</arg>
<doc>Types the given password into the text field identified by ``locator``.</doc>
<msg timestamp="20211213 19:33:30.814" level="INFO">Typing password into text field 'password'.</msg>
<msg timestamp="20211213 19:33:30.858" level="INFO">Temporally setting log level to: NONE</msg>
<msg timestamp="20211213 19:33:30.919" level="INFO">Log level changed from NONE to INFO.</msg>
<status status="PASS" starttime="20211213 19:33:30.813" endtime="20211213 19:33:30.919"/>
</kw>
<kw name="Click Button" library="SeleniumLibrary">
<arg>login-button</arg>
<doc>Clicks the button identified by ``locator``.</doc>
<msg timestamp="20211213 19:33:30.920" level="INFO">Clicking button 'login-button'.</msg>
<status status="PASS" starttime="20211213 19:33:30.920" endtime="20211213 19:33:30.994"/>
</kw>
<kw name="Element Text Should Be" library="SeleniumLibrary">
<arg>css=*[data-test="error"]</arg>
<arg>Epic sadface: Sorry, this user has been locked out.</arg>
<doc>Verifies that element ``locator`` contains exact the text ``expected``.</doc>
<msg timestamp="20211213 19:33:30.996" level="INFO">Verifying element 'css=*[data-test="error"]' contains exact text 'Epic sadface: Sorry, this user has been locked out.'.</msg>
<status status="PASS" starttime="20211213 19:33:30.995" endtime="20211213 19:33:31.027"/>
</kw>
<kw name="Close Browser" library="SeleniumLibrary" type="TEARDOWN">
<doc>Closes the current browser.</doc>
<status status="PASS" starttime="20211213 19:33:31.028" endtime="20211213 19:33:33.196"/>
</kw>
<status status="PASS" starttime="20211213 19:33:28.909" endtime="20211213 19:33:33.196"/>
</test>
<doc>A test suite with a single test for locked out user

This test follows the example using keywords
from the selenium library</doc>
<status status="PASS" starttime="20211213 19:33:28.901" endtime="20211213 19:33:33.198"/>
</suite>
<suite id="s1-s4" name="Lohisort" source="E:\Users\Ivan\Documents\School_Doc\College\STSWENG\robot\saucedemorobot\tests\lohisort.robot">
<test id="s1-s4-t1" name="AZSort">
<kw name="Open Browser To Login Page" library="resources">
<kw name="Open Browser" library="SeleniumLibrary">
<arg>${LOGIN URL}</arg>
<arg>${BROWSER}</arg>
<doc>Opens a new browser instance to the optional ``url``.</doc>
<msg timestamp="20211213 19:33:33.209" level="INFO">Opening browser 'chrome' to base url 'https://www.saucedemo.com/'.</msg>
<status status="PASS" starttime="20211213 19:33:33.208" endtime="20211213 19:33:34.920"/>
</kw>
<kw name="Maximize Browser Window" library="SeleniumLibrary">
<doc>Maximizes current browser window.</doc>
<status status="PASS" starttime="20211213 19:33:34.920" endtime="20211213 19:33:35.057"/>
</kw>
<kw name="Page Should Contain Element" library="SeleniumLibrary">
<arg>login-button</arg>
<doc>Verifies that element ``locator`` is found on the current page.</doc>
<msg timestamp="20211213 19:33:35.070" level="INFO">Current page contains element 'login-button'.</msg>
<status status="PASS" starttime="20211213 19:33:35.057" endtime="20211213 19:33:35.070"/>
</kw>
<status status="PASS" starttime="20211213 19:33:33.208" endtime="20211213 19:33:35.070"/>
</kw>
<kw name="Input Text" library="SeleniumLibrary">
<arg>user-name</arg>
<arg>${VALID USER}</arg>
<doc>Types the given ``text`` into the text field identified by ``locator``.</doc>
<msg timestamp="20211213 19:33:35.072" level="INFO">Typing text 'standard_user' into text field 'user-name'.</msg>
<status status="PASS" starttime="20211213 19:33:35.071" endtime="20211213 19:33:35.194"/>
</kw>
<kw name="Input Password" library="SeleniumLibrary">
<arg>password</arg>
<arg>${VALID PASSWORD}</arg>
<doc>Types the given password into the text field identified by ``locator``.</doc>
<msg timestamp="20211213 19:33:35.195" level="INFO">Typing password into text field 'password'.</msg>
<msg timestamp="20211213 19:33:35.240" level="INFO">Temporally setting log level to: NONE</msg>
<msg timestamp="20211213 19:33:35.306" level="INFO">Log level changed from NONE to INFO.</msg>
<status status="PASS" starttime="20211213 19:33:35.194" endtime="20211213 19:33:35.307"/>
</kw>
<kw name="Click Button" library="SeleniumLibrary">
<arg>login-button</arg>
<doc>Clicks the button identified by ``locator``.</doc>
<msg timestamp="20211213 19:33:35.308" level="INFO">Clicking button 'login-button'.</msg>
<status status="PASS" starttime="20211213 19:33:35.307" endtime="20211213 19:33:35.466"/>
</kw>
<kw name="Select From List By Value" library="SeleniumLibrary">
<arg>css=*[data-test="product_sort_container"]</arg>
<arg>lohi</arg>
<doc>Selects options from selection list ``locator`` by ``values``.</doc>
<msg timestamp="20211213 19:33:35.467" level="INFO">Selecting options from selection list 'css=*[data-test="product_sort_container"]' by value lohi.</msg>
<status status="PASS" starttime="20211213 19:33:35.467" endtime="20211213 19:33:35.836"/>
</kw>
<kw name="List Selection Should Be" library="SeleniumLibrary">
<arg>css=*[data-test="product_sort_container"]</arg>
<arg>lohi</arg>
<doc>Verifies selection list ``locator`` has ``expected`` options selected.</doc>
<msg timestamp="20211213 19:33:35.839" level="INFO">Verifying list 'css=*[data-test="product_sort_container"]' has option [ lohi ] selected.</msg>
<msg timestamp="20211213 19:33:35.861" level="INFO">Current page contains list 'css=*[data-test="product_sort_container"]'.</msg>
<status status="PASS" starttime="20211213 19:33:35.838" endtime="20211213 19:33:35.986"/>
</kw>
<kw name="Close Browser" library="SeleniumLibrary" type="TEARDOWN">
<doc>Closes the current browser.</doc>
<status status="PASS" starttime="20211213 19:33:35.986" endtime="20211213 19:33:38.143"/>
</kw>
<status status="PASS" starttime="20211213 19:33:33.207" endtime="20211213 19:33:38.144"/>
</test>
<doc>A test suite with a single test for sorting z to a

This test follows the example using keywords
from the selenium library</doc>
<status status="PASS" starttime="20211213 19:33:33.200" endtime="20211213 19:33:38.145"/>
</suite>
<suite id="s1-s5" name="Problem User" source="E:\Users\Ivan\Documents\School_Doc\College\STSWENG\robot\saucedemorobot\tests\problem_user.robot">
<test id="s1-s5-t1" name="Problem User">
<kw name="Open Browser To Login Page" library="resources">
<kw name="Open Browser" library="SeleniumLibrary">
<arg>${LOGIN URL}</arg>
<arg>${BROWSER}</arg>
<doc>Opens a new browser instance to the optional ``url``.</doc>
<msg timestamp="20211213 19:33:38.160" level="INFO">Opening browser 'chrome' to base url 'https://www.saucedemo.com/'.</msg>
<status status="PASS" starttime="20211213 19:33:38.159" endtime="20211213 19:33:39.882"/>
</kw>
<kw name="Maximize Browser Window" library="SeleniumLibrary">
<doc>Maximizes current browser window.</doc>
<status status="PASS" starttime="20211213 19:33:39.882" endtime="20211213 19:33:40.098"/>
</kw>
<kw name="Page Should Contain Element" library="SeleniumLibrary">
<arg>login-button</arg>
<doc>Verifies that element ``locator`` is found on the current page.</doc>
<msg timestamp="20211213 19:33:40.119" level="INFO">Current page contains element 'login-button'.</msg>
<status status="PASS" starttime="20211213 19:33:40.098" endtime="20211213 19:33:40.119"/>
</kw>
<status status="PASS" starttime="20211213 19:33:38.159" endtime="20211213 19:33:40.119"/>
</kw>
<kw name="Input Text" library="SeleniumLibrary">
<arg>user-name</arg>
<arg>${PROBLEM USER}</arg>
<doc>Types the given ``text`` into the text field identified by ``locator``.</doc>
<msg timestamp="20211213 19:33:40.121" level="INFO">Typing text 'problem_user' into text field 'user-name'.</msg>
<status status="PASS" starttime="20211213 19:33:40.120" endtime="20211213 19:33:40.239"/>
</kw>
<kw name="Input Password" library="SeleniumLibrary">
<arg>password</arg>
<arg>${VALID PASSWORD}</arg>
<doc>Types the given password into the text field identified by ``locator``.</doc>
<msg timestamp="20211213 19:33:40.240" level="INFO">Typing password into text field 'password'.</msg>
<msg timestamp="20211213 19:33:40.279" level="INFO">Temporally setting log level to: NONE</msg>
<msg timestamp="20211213 19:33:40.331" level="INFO">Log level changed from NONE to INFO.</msg>
<status status="PASS" starttime="20211213 19:33:40.240" endtime="20211213 19:33:40.331"/>
</kw>
<kw name="Click Button" library="SeleniumLibrary">
<arg>login-button</arg>
<doc>Clicks the button identified by ``locator``.</doc>
<msg timestamp="20211213 19:33:40.332" level="INFO">Clicking button 'login-button'.</msg>
<status status="PASS" starttime="20211213 19:33:40.332" endtime="20211213 19:33:40.449"/>
</kw>
<kw name="Page Should Contain Image" library="SeleniumLibrary">
<arg>/static/media/sl-404.168b1cce.jpg</arg>
<doc>Verifies image identified by ``locator`` is found from current page.</doc>
<msg timestamp="20211213 19:33:40.471" level="INFO">Current page contains image '/static/media/sl-404.168b1cce.jpg'.</msg>
<status status="PASS" starttime="20211213 19:33:40.449" endtime="20211213 19:33:40.471"/>
</kw>
<kw name="Close Browser" library="SeleniumLibrary" type="TEARDOWN">
<doc>Closes the current browser.</doc>
<status status="PASS" starttime="20211213 19:33:40.472" endtime="20211213 19:33:42.640"/>
</kw>
<status status="PASS" starttime="20211213 19:33:38.158" endtime="20211213 19:33:42.641"/>
</test>
<doc>A test suite with a single test for problem user

This test follows the example using keywords
from the selenium library</doc>
<status status="PASS" starttime="20211213 19:33:38.150" endtime="20211213 19:33:42.642"/>
</suite>
<suite id="s1-s6" name="Valid Login" source="E:\Users\Ivan\Documents\School_Doc\College\STSWENG\robot\saucedemorobot\tests\valid_login.robot">
<test id="s1-s6-t1" name="Valid Login">
<kw name="Open Browser To Login Page" library="resources">
<kw name="Open Browser" library="SeleniumLibrary">
<arg>${LOGIN URL}</arg>
<arg>${BROWSER}</arg>
<doc>Opens a new browser instance to the optional ``url``.</doc>
<msg timestamp="20211213 19:33:42.652" level="INFO">Opening browser 'chrome' to base url 'https://www.saucedemo.com/'.</msg>
<status status="PASS" starttime="20211213 19:33:42.651" endtime="20211213 19:33:44.289"/>
</kw>
<kw name="Maximize Browser Window" library="SeleniumLibrary">
<doc>Maximizes current browser window.</doc>
<status status="PASS" starttime="20211213 19:33:44.290" endtime="20211213 19:33:44.412"/>
</kw>
<kw name="Page Should Contain Element" library="SeleniumLibrary">
<arg>login-button</arg>
<doc>Verifies that element ``locator`` is found on the current page.</doc>
<msg timestamp="20211213 19:33:44.426" level="INFO">Current page contains element 'login-button'.</msg>
<status status="PASS" starttime="20211213 19:33:44.412" endtime="20211213 19:33:44.426"/>
</kw>
<status status="PASS" starttime="20211213 19:33:42.651" endtime="20211213 19:33:44.426"/>
</kw>
<kw name="Input Text" library="SeleniumLibrary">
<arg>user-name</arg>
<arg>${VALID USER}</arg>
<doc>Types the given ``text`` into the text field identified by ``locator``.</doc>
<msg timestamp="20211213 19:33:44.428" level="INFO">Typing text 'standard_user' into text field 'user-name'.</msg>
<status status="PASS" starttime="20211213 19:33:44.427" endtime="20211213 19:33:44.542"/>
</kw>
<kw name="Input Password" library="SeleniumLibrary">
<arg>password</arg>
<arg>${VALID PASSWORD}</arg>
<doc>Types the given password into the text field identified by ``locator``.</doc>
<msg timestamp="20211213 19:33:44.544" level="INFO">Typing password into text field 'password'.</msg>
<msg timestamp="20211213 19:33:44.585" level="INFO">Temporally setting log level to: NONE</msg>
<msg timestamp="20211213 19:33:44.645" level="INFO">Log level changed from NONE to INFO.</msg>
<status status="PASS" starttime="20211213 19:33:44.543" endtime="20211213 19:33:44.645"/>
</kw>
<kw name="Click Button" library="SeleniumLibrary">
<arg>login-button</arg>
<doc>Clicks the button identified by ``locator``.</doc>
<msg timestamp="20211213 19:33:44.647" level="INFO">Clicking button 'login-button'.</msg>
<status status="PASS" starttime="20211213 19:33:44.646" endtime="20211213 19:33:44.791"/>
</kw>
<kw name="Element Text Should Be" library="SeleniumLibrary">
<arg>class:title</arg>
<arg>PRODUCTS</arg>
<doc>Verifies that element ``locator`` contains exact the text ``expected``.</doc>
<msg timestamp="20211213 19:33:44.794" level="INFO">Verifying element 'class:title' contains exact text 'PRODUCTS'.</msg>
<status status="PASS" starttime="20211213 19:33:44.794" endtime="20211213 19:33:44.981"/>
</kw>
<kw name="Close Browser" library="SeleniumLibrary" type="TEARDOWN">
<doc>Closes the current browser.</doc>
<status status="PASS" starttime="20211213 19:33:44.982" endtime="20211213 19:33:47.158"/>
</kw>
<status status="PASS" starttime="20211213 19:33:42.650" endtime="20211213 19:33:47.158"/>
</test>
<doc>A test suite with a single test for valid login

This test follows the example using keywords
from the selenium library</doc>
<status status="PASS" starttime="20211213 19:33:42.645" endtime="20211213 19:33:47.160"/>
</suite>
<suite id="s1-s7" name="Wrong Password" source="E:\Users\Ivan\Documents\School_Doc\College\STSWENG\robot\saucedemorobot\tests\wrong_password.robot">
<test id="s1-s7-t1" name="Wrong Password">
<kw name="Open Browser To Login Page" library="resources">
<kw name="Open Browser" library="SeleniumLibrary">
<arg>${LOGIN URL}</arg>
<arg>${BROWSER}</arg>
<doc>Opens a new browser instance to the optional ``url``.</doc>
<msg timestamp="20211213 19:33:47.170" level="INFO">Opening browser 'chrome' to base url 'https://www.saucedemo.com/'.</msg>
<status status="PASS" starttime="20211213 19:33:47.169" endtime="20211213 19:33:48.870"/>
</kw>
<kw name="Maximize Browser Window" library="SeleniumLibrary">
<doc>Maximizes current browser window.</doc>
<status status="PASS" starttime="20211213 19:33:48.870" endtime="20211213 19:33:48.993"/>
</kw>
<kw name="Page Should Contain Element" library="SeleniumLibrary">
<arg>login-button</arg>
<doc>Verifies that element ``locator`` is found on the current page.</doc>
<msg timestamp="20211213 19:33:49.005" level="INFO">Current page contains element 'login-button'.</msg>
<status status="PASS" starttime="20211213 19:33:48.993" endtime="20211213 19:33:49.005"/>
</kw>
<status status="PASS" starttime="20211213 19:33:47.169" endtime="20211213 19:33:49.006"/>
</kw>
<kw name="Input Text" library="SeleniumLibrary">
<arg>user-name</arg>
<arg>${VALID USER}</arg>
<doc>Types the given ``text`` into the text field identified by ``locator``.</doc>
<msg timestamp="20211213 19:33:49.007" level="INFO">Typing text 'standard_user' into text field 'user-name'.</msg>
<status status="PASS" starttime="20211213 19:33:49.006" endtime="20211213 19:33:49.124"/>
</kw>
<kw name="Input Password" library="SeleniumLibrary">
<arg>password</arg>
<arg>ASD</arg>
<doc>Types the given password into the text field identified by ``locator``.</doc>
<msg timestamp="20211213 19:33:49.125" level="INFO">Typing password into text field 'password'.</msg>
<msg timestamp="20211213 19:33:49.177" level="INFO">Temporally setting log level to: NONE</msg>
<msg timestamp="20211213 19:33:49.227" level="INFO">Log level changed from NONE to INFO.</msg>
<status status="PASS" starttime="20211213 19:33:49.125" endtime="20211213 19:33:49.227"/>
</kw>
<kw name="Click Button" library="SeleniumLibrary">
<arg>login-button</arg>
<doc>Clicks the button identified by ``locator``.</doc>
<msg timestamp="20211213 19:33:49.228" level="INFO">Clicking button 'login-button'.</msg>
<status status="PASS" starttime="20211213 19:33:49.228" endtime="20211213 19:33:49.295"/>
</kw>
<kw name="Element Text Should Be" library="SeleniumLibrary">
<arg>css=*[data-test="error"]</arg>
<arg>Epic sadface: Username and password do not match any user in this service</arg>
<doc>Verifies that element ``locator`` contains exact the text ``expected``.</doc>
<msg timestamp="20211213 19:33:49.295" level="INFO">Verifying element 'css=*[data-test="error"]' contains exact text 'Epic sadface: Username and password do not match any user in this service'.</msg>
<status status="PASS" starttime="20211213 19:33:49.295" endtime="20211213 19:33:49.327"/>
</kw>
<kw name="Close Browser" library="SeleniumLibrary" type="TEARDOWN">
<doc>Closes the current browser.</doc>
<status status="PASS" starttime="20211213 19:33:49.328" endtime="20211213 19:33:51.477"/>
</kw>
<status status="PASS" starttime="20211213 19:33:47.167" endtime="20211213 19:33:51.477"/>
</test>
<doc>A test suite with a single test for wrong login

This test follows the example using keywords
from the selenium library</doc>
<status status="PASS" starttime="20211213 19:33:47.162" endtime="20211213 19:33:51.480"/>
</suite>
<suite id="s1-s8" name="Zasort" source="E:\Users\Ivan\Documents\School_Doc\College\STSWENG\robot\saucedemorobot\tests\zasort.robot">
<test id="s1-s8-t1" name="ZASort">
<kw name="Open Browser To Login Page" library="resources">
<kw name="Open Browser" library="SeleniumLibrary">
<arg>${LOGIN URL}</arg>
<arg>${BROWSER}</arg>
<doc>Opens a new browser instance to the optional ``url``.</doc>
<msg timestamp="20211213 19:33:51.490" level="INFO">Opening browser 'chrome' to base url 'https://www.saucedemo.com/'.</msg>
<status status="PASS" starttime="20211213 19:33:51.490" endtime="20211213 19:33:53.188"/>
</kw>
<kw name="Maximize Browser Window" library="SeleniumLibrary">
<doc>Maximizes current browser window.</doc>
<status status="PASS" starttime="20211213 19:33:53.188" endtime="20211213 19:33:53.326"/>
</kw>
<kw name="Page Should Contain Element" library="SeleniumLibrary">
<arg>login-button</arg>
<doc>Verifies that element ``locator`` is found on the current page.</doc>
<msg timestamp="20211213 19:33:53.341" level="INFO">Current page contains element 'login-button'.</msg>
<status status="PASS" starttime="20211213 19:33:53.327" endtime="20211213 19:33:53.341"/>
</kw>
<status status="PASS" starttime="20211213 19:33:51.489" endtime="20211213 19:33:53.341"/>
</kw>
<kw name="Input Text" library="SeleniumLibrary">
<arg>user-name</arg>
<arg>${VALID USER}</arg>
<doc>Types the given ``text`` into the text field identified by ``locator``.</doc>
<msg timestamp="20211213 19:33:53.342" level="INFO">Typing text 'standard_user' into text field 'user-name'.</msg>
<status status="PASS" starttime="20211213 19:33:53.342" endtime="20211213 19:33:53.459"/>
</kw>
<kw name="Input Password" library="SeleniumLibrary">
<arg>password</arg>
<arg>${VALID PASSWORD}</arg>
<doc>Types the given password into the text field identified by ``locator``.</doc>
<msg timestamp="20211213 19:33:53.460" level="INFO">Typing password into text field 'password'.</msg>
<msg timestamp="20211213 19:33:53.501" level="INFO">Temporally setting log level to: NONE</msg>
<msg timestamp="20211213 19:33:53.559" level="INFO">Log level changed from NONE to INFO.</msg>
<status status="PASS" starttime="20211213 19:33:53.459" endtime="20211213 19:33:53.559"/>
</kw>
<kw name="Click Button" library="SeleniumLibrary">
<arg>login-button</arg>
<doc>Clicks the button identified by ``locator``.</doc>
<msg timestamp="20211213 19:33:53.560" level="INFO">Clicking button 'login-button'.</msg>
<status status="PASS" starttime="20211213 19:33:53.560" endtime="20211213 19:33:53.699"/>
</kw>
<kw name="Select From List By Index" library="SeleniumLibrary">
<arg>css=*[data-test="product_sort_container"]</arg>
<arg>1</arg>
<doc>Selects options from selection list ``locator`` by ``indexes``.</doc>
<msg timestamp="20211213 19:33:53.701" level="INFO">Selecting options from selection list 'css=*[data-test="product_sort_container"]' by index 1.</msg>
<status status="PASS" starttime="20211213 19:33:53.700" endtime="20211213 19:33:54.030"/>
</kw>
<kw name="List Selection Should Be" library="SeleniumLibrary">
<arg>css=*[data-test="product_sort_container"]</arg>
<arg>za</arg>
<doc>Verifies selection list ``locator`` has ``expected`` options selected.</doc>
<msg timestamp="20211213 19:33:54.031" level="INFO">Verifying list 'css=*[data-test="product_sort_container"]' has option [ za ] selected.</msg>
<msg timestamp="20211213 19:33:54.049" level="INFO">Current page contains list 'css=*[data-test="product_sort_container"]'.</msg>
<status status="PASS" starttime="20211213 19:33:54.030" endtime="20211213 19:33:54.139"/>
</kw>
<kw name="Close Browser" library="SeleniumLibrary" type="TEARDOWN">
<doc>Closes the current browser.</doc>
<status status="PASS" starttime="20211213 19:33:54.139" endtime="20211213 19:33:56.284"/>
</kw>
<status status="PASS" starttime="20211213 19:33:51.489" endtime="20211213 19:33:56.284"/>
</test>
<doc>A test suite with a single test for sorting z to a

This test follows the example using keywords
from the selenium library</doc>
<status status="PASS" starttime="20211213 19:33:51.482" endtime="20211213 19:33:56.286"/>
</suite>
<status status="PASS" starttime="20211213 19:33:19.077" endtime="20211213 19:33:56.288"/>
</suite>
<statistics>
<total>
<stat pass="8" fail="0" skip="0">All Tests</stat>
</total>
<tag>
</tag>
<suite>
<stat pass="8" fail="0" skip="0" id="s1" name="Tests">Tests</stat>
<stat pass="1" fail="0" skip="0" id="s1-s1" name="Azsort">Tests.Azsort</stat>
<stat pass="1" fail="0" skip="0" id="s1-s2" name="Hilosort">Tests.Hilosort</stat>
<stat pass="1" fail="0" skip="0" id="s1-s3" name="Locked Out">Tests.Locked Out</stat>
<stat pass="1" fail="0" skip="0" id="s1-s4" name="Lohisort">Tests.Lohisort</stat>
<stat pass="1" fail="0" skip="0" id="s1-s5" name="Problem User">Tests.Problem User</stat>
<stat pass="1" fail="0" skip="0" id="s1-s6" name="Valid Login">Tests.Valid Login</stat>
<stat pass="1" fail="0" skip="0" id="s1-s7" name="Wrong Password">Tests.Wrong Password</stat>
<stat pass="1" fail="0" skip="0" id="s1-s8" name="Zasort">Tests.Zasort</stat>
</suite>
</statistics>
<errors>
</errors>
</robot>
